1 jk.micro.Toorkild-0.4.5 0
2 simonton.micro.WeeklongObsession-3.4.1 0
3 kc.micro.WaveShark-0.31 0
4 simonton.micro.GFMicro-1.0

2 jam.micro.RaikoMicro-1.44
3 voidious.micro.Jen-1.11
4 rz.GlowBlow-2.31

1 sheldor.micro.EpeeistMicro-1.7.1 0
3 ary.micro.Weak-1.2 0
4 cx.micro.Smoke-0.96 0

2 kc.micro.Needle-0.101
3 mld.LittleBlackBook-1.69e
4 robar.micro.Gladius-1.15

1 kc.micro.Thorn-1.252 0
3 gh.micro.Grinnik-0.7
4 oog.micro.MagicD3-0.41 0

2 nz.jdc.micro.HedgehogGF-1.3
3 oog.micro.SavantMicro-1.1
4 pez.micro.Aristocles-0.3.7

3 nz.jdc.micro.HedgehogP-1.2
4 sheldor.nano.Sabreur-1.1.1 0